Flow report for oac_lab2
Thu Dec 14 03:47:43 2023
Quartus II 32-bit Version 13.1.0 Build 162 10/23/2013 SJ Web Edition


---------------------
; Table of Contents ;
---------------------
  1. Legal Notice
  2. Flow Summary
  3. Flow Settings
  4. Flow Non-Default Global Settings
  5. Flow Elapsed Time
  6. Flow OS Summary
  7. Flow Log
  8. Flow Messages
  9. Flow Suppressed Messages



----------------
; Legal Notice ;
----------------
Copyright (C) 1991-2013 Altera Corporation
Your use of Altera Corporation's design tools, logic functions 
and other software and tools, and its AMPP partner logic 
functions, and any output files from any of the foregoing 
(including device programming or simulation files), and any 
associated documentation or information are expressly subject 
to the terms and conditions of the Altera Program License 
Subscription Agreement, Altera MegaCore Function License 
Agreement, or other applicable license agreement, including, 
without limitation, that your use is for the sole purpose of 
programming logic devices manufactured by Altera and sold by 
Altera or its authorized distributors.  Please refer to the 
applicable agreement for further details.



+---------------------------------------------------------------------------------+
; Flow Summary                                                                    ;
+------------------------------------+--------------------------------------------+
; Flow Status                        ; Successful - Thu Dec 14 03:47:43 2023      ;
; Quartus II 32-bit Version          ; 13.1.0 Build 162 10/23/2013 SJ Web Edition ;
; Revision Name                      ; oac_lab2                                   ;
; Top-level Entity Name              ; inst_memory                                ;
; Family                             ; Cyclone IV GX                              ;
; Total logic elements               ; 173 / 49,888 ( < 1 % )                     ;
;     Total combinational functions  ; 168 / 49,888 ( < 1 % )                     ;
;     Dedicated logic registers      ; 6 / 49,888 ( < 1 % )                       ;
; Total registers                    ; 6                                          ;
; Total pins                         ; 65 / 307 ( 21 % )                          ;
; Total virtual pins                 ; 0                                          ;
; Total memory bits                  ; 2,097,152 / 2,562,048 ( 82 % )             ;
; Embedded Multiplier 9-bit elements ; 0 / 280 ( 0 % )                            ;
; Total GXB Receiver Channel PCS     ; 0 / 4 ( 0 % )                              ;
; Total GXB Receiver Channel PMA     ; 0 / 4 ( 0 % )                              ;
; Total GXB Transmitter Channel PCS  ; 0 / 4 ( 0 % )                              ;
; Total GXB Transmitter Channel PMA  ; 0 / 4 ( 0 % )                              ;
; Total PLLs                         ; 0 / 6 ( 0 % )                              ;
; Device                             ; EP4CGX50CF23C6                             ;
; Timing Models                      ; Final                                      ;
+------------------------------------+--------------------------------------------+


+-----------------------------------------+
; Flow Settings                           ;
+-------------------+---------------------+
; Option            ; Setting             ;
+-------------------+---------------------+
; Start date & time ; 12/14/2023 03:37:47 ;
; Main task         ; Compilation         ;
; Revision Name     ; oac_lab2            ;
+-------------------+---------------------+


+---------------------------------------------------------------------------------------------------------------------------------------------------+
; Flow Non-Default Global Settings                                                                                                                  ;
+-------------------------------------+--------------------------------------------------------------+---------------+-------------+----------------+
; Assignment Name                     ; Value                                                        ; Default Value ; Entity Name ; Section Id     ;
+-------------------------------------+--------------------------------------------------------------+---------------+-------------+----------------+
; COMPILER_SIGNATURE_ID               ; 0.170253586713696                                            ; --            ; --          ; --             ;
; EDA_GENERATE_FUNCTIONAL_NETLIST     ; Off                                                          ; --            ; --          ; eda_simulation ;
; EDA_NETLIST_WRITER_OUTPUT_DIR       ; /home/victhor/Disciplinas/OAC/mips_unicycle/simulation/qsim/ ; --            ; --          ; eda_simulation ;
; EDA_OUTPUT_DATA_FORMAT              ; Verilog Hdl                                                  ; --            ; --          ; eda_simulation ;
; EDA_SIMULATION_TOOL                 ; ModelSim-Altera (Verilog)                                    ; <None>        ; --          ; --             ;
; EDA_TIME_SCALE                      ; 1 ps                                                         ; --            ; --          ; eda_simulation ;
; IP_TOOL_NAME                        ; LPM_ADD_SUB                                                  ; --            ; --          ; --             ;
; IP_TOOL_NAME                        ; ROM: 1-PORT                                                  ; --            ; --          ; --             ;
; IP_TOOL_VERSION                     ; 13.1                                                         ; --            ; --          ; --             ;
; IP_TOOL_VERSION                     ; 13.1                                                         ; --            ; --          ; --             ;
; MISC_FILE                           ; lpm_add_sub0.bsf                                             ; --            ; --          ; --             ;
; MISC_FILE                           ; lpm_add_sub0.cmp                                             ; --            ; --          ; --             ;
; MISC_FILE                           ; instruction_memory.bsf                                       ; --            ; --          ; --             ;
; MISC_FILE                           ; instruction_memory.cmp                                       ; --            ; --          ; --             ;
; PARTITION_COLOR                     ; 16764057                                                     ; --            ; inst_memory ; Top            ;
; PARTITION_FITTER_PRESERVATION_LEVEL ; PLACEMENT_AND_ROUTING                                        ; --            ; inst_memory ; Top            ;
; PARTITION_NETLIST_TYPE              ; SOURCE                                                       ; --            ; inst_memory ; Top            ;
; PROJECT_OUTPUT_DIRECTORY            ; output_files                                                 ; --            ; --          ; --             ;
; TOP_LEVEL_ENTITY                    ; inst_memory                                                  ; oac_lab2      ; --          ; --             ;
+-------------------------------------+--------------------------------------------------------------+---------------+-------------+----------------+


+-------------------------------------------------------------------------------------------------------------------------------+
; Flow Elapsed Time                                                                                                             ;
+---------------------------+--------------+-------------------------+---------------------+------------------------------------+
; Module Name               ; Elapsed Time ; Average Processors Used ; Peak Virtual Memory ; Total CPU Time (on all processors) ;
+---------------------------+--------------+-------------------------+---------------------+------------------------------------+
; Analysis & Synthesis      ; 00:00:03     ; 1.0                     ; 434 MB              ; 00:00:03                           ;
; Fitter                    ; 00:00:21     ; 1.0                     ; 708 MB              ; 00:00:21                           ;
; Assembler                 ; 00:00:04     ; 1.0                     ; 420 MB              ; 00:00:04                           ;
; TimeQuest Timing Analyzer ; 00:00:04     ; 1.0                     ; 449 MB              ; 00:00:03                           ;
; EDA Netlist Writer        ; 00:00:02     ; 1.0                     ; 387 MB              ; 00:00:02                           ;
; EDA Netlist Writer        ; 00:00:01     ; 1.0                     ; 398 MB              ; 00:00:01                           ;
; EDA Netlist Writer        ; 00:00:01     ; 1.0                     ; 398 MB              ; 00:00:01                           ;
; EDA Netlist Writer        ; 00:00:00     ; 1.0                     ; 392 MB              ; 00:00:01                           ;
; EDA Netlist Writer        ; 00:00:01     ; 1.0                     ; 398 MB              ; 00:00:01                           ;
; Total                     ; 00:00:37     ; --                      ; --                  ; 00:00:37                           ;
+---------------------------+--------------+-------------------------+---------------------+------------------------------------+


+--------------------------------------------------------------------------------------------------+
; Flow OS Summary                                                                                  ;
+---------------------------+-----------------------+----------------+------------+----------------+
; Module Name               ; Machine Hostname      ; OS Name        ; OS Version ; Processor type ;
+---------------------------+-----------------------+----------------+------------+----------------+
; Analysis & Synthesis      ; victhor-Inspiron-3501 ; Ubuntu 20.04.5 ; 20         ; x86_64         ;
; Fitter                    ; victhor-Inspiron-3501 ; Ubuntu 20.04.5 ; 20         ; x86_64         ;
; Assembler                 ; victhor-Inspiron-3501 ; Ubuntu 20.04.5 ; 20         ; x86_64         ;
; TimeQuest Timing Analyzer ; victhor-Inspiron-3501 ; Ubuntu 20.04.5 ; 20         ; x86_64         ;
; EDA Netlist Writer        ; victhor-Inspiron-3501 ; Ubuntu 20.04.5 ; 20         ; x86_64         ;
; EDA Netlist Writer        ; victhor-Inspiron-3501 ; Ubuntu 20.04.5 ; 20         ; x86_64         ;
; EDA Netlist Writer        ; victhor-Inspiron-3501 ; Ubuntu 20.04.5 ; 20         ; x86_64         ;
; EDA Netlist Writer        ; victhor-Inspiron-3501 ; Ubuntu 20.04.5 ; 20         ; x86_64         ;
; EDA Netlist Writer        ; victhor-Inspiron-3501 ; Ubuntu 20.04.5 ; 20         ; x86_64         ;
+---------------------------+-----------------------+----------------+------------+----------------+


------------
; Flow Log ;
------------
quartus_map --read_settings_files=on --write_settings_files=off oac_lab2 -c oac_lab2
quartus_fit --read_settings_files=off --write_settings_files=off oac_lab2 -c oac_lab2
quartus_asm --read_settings_files=off --write_settings_files=off oac_lab2 -c oac_lab2
quartus_sta oac_lab2 -c oac_lab2
quartus_eda --read_settings_files=off --write_settings_files=off oac_lab2 -c oac_lab2
quartus_eda --gen_testbench --check_outputs=on --tool=modelsim_oem --format=verilog oac_lab2 -c oac_lab2 --vector_source=/home/victhor/Disciplinas/OAC/mips_unicycle/Waveform.vwf --testbench_file=/home/victhor/Disciplinas/OAC/mips_unicycle/simulation/qsim/Waveform.vwf.vt
quartus_eda --functional=on --flatten_buses=off --simulation=on --tool=modelsim_oem --format=verilog --output_directory=/home/victhor/Disciplinas/OAC/mips_unicycle/simulation/qsim/ oac_lab2 -c oac_lab2
quartus_eda --gen_testbench --check_outputs=on --tool=modelsim_oem --format=verilog oac_lab2 -c oac_lab2 --vector_source=/home/victhor/Disciplinas/OAC/mips_unicycle/Waveform.vwf --testbench_file=/home/victhor/Disciplinas/OAC/mips_unicycle/simulation/qsim/Waveform.vwf.vt
quartus_eda --functional=on --flatten_buses=off --simulation=on --tool=modelsim_oem --format=verilog --output_directory=/home/victhor/Disciplinas/OAC/mips_unicycle/simulation/qsim/ oac_lab2 -c oac_lab2



